<?xml version="1.0" encoding="UTF-8"?>
<!-- Generated by org.testng.reporters.JUnitReportReporter -->
<testsuite hostname="RV130" failures="0" tests="3" name="myprojects.automation.assignment5.tests.PlaceOrderTest" time="20.397" errors="0" timestamp="19 Oct 2017 14:07:59 GMT">
  <testcase classname="myprojects.automation.assignment5.tests.PlaceOrderTest" name="checkSiteVersion" time="2.664"/>
  <testcase classname="myprojects.automation.assignment5.tests.PlaceOrderTest" name="createNewOrder" time="5.686"/>
  <testcase classname="myprojects.automation.assignment5.tests.PlaceOrderTest" name="fillInOrderInfo" time="12.047"/>
</testsuite> <!-- myprojects.automation.assignment5.tests.PlaceOrderTest -->
